<?xml version="1.0" encoding="UTF-8"?>
<!-- Generated by org.testng.reporters.JUnitReportReporter -->
<testsuite hostname="VishalGhule" failures="0" tests="7" name="TestLayer.DataProviderAnnotation" time="64.200" errors="0" timestamp="2022-08-18T22:56:47 IST" skipped="0">
  <testcase classname="TestLayer.DataProviderAnnotation" name="setUp" time="9.257"/>
  <system-out/>
  <testcase classname="TestLayer.DataProviderAnnotation" name="setUp" time="9.301"/>
  <system-out/>
  <testcase classname="TestLayer.DataProviderAnnotation" name="setUp" time="9.002"/>
  <system-out/>
  <testcase classname="TestLayer.DataProviderAnnotation" name="setUp" time="9.377"/>
  <system-out/>
  <testcase classname="TestLayer.DataProviderAnnotation" name="setUp" time="7.418"/>
  <system-out/>
  <testcase classname="TestLayer.DataProviderAnnotation" name="setUp" time="12.903"/>
  <system-out/>
  <testcase classname="TestLayer.DataProviderAnnotation" name="setUp" time="6.942"/>
  <system-out/>
</testsuite> <!-- TestLayer.DataProviderAnnotation -->
