<?xml version="1.0" encoding="UTF-8"?>
<!-- Generated by org.testng.reporters.JUnitReportReporter -->
<testsuite hostname="VishalGhule" failures="0" tests="7" name="TestLayer.dtatproviderDemo" time="19.848" errors="0" timestamp="2022-08-17T09:44:35 IST" skipped="0">
  <testcase classname="TestLayer.dtatproviderDemo" name="setup" time="2.582"/>
  <system-out/>
  <testcase classname="TestLayer.dtatproviderDemo" name="setup" time="2.664"/>
  <system-out/>
  <testcase classname="TestLayer.dtatproviderDemo" name="setup" time="4.269"/>
  <system-out/>
  <testcase classname="TestLayer.dtatproviderDemo" name="setup" time="2.615"/>
  <system-out/>
  <testcase classname="TestLayer.dtatproviderDemo" name="setup" time="2.565"/>
  <system-out/>
  <testcase classname="TestLayer.dtatproviderDemo" name="setup" time="2.551"/>
  <system-out/>
  <testcase classname="TestLayer.dtatproviderDemo" name="setup" time="2.602"/>
  <system-out/>
</testsuite> <!-- TestLayer.dtatproviderDemo -->
