<?xml version="1.0" encoding="UTF-8"?>
<!-- Generated by org.testng.reporters.JUnitReportReporter -->
<testsuite hostname="VishalGhule" failures="0" tests="1" name="TestLayer.realtestcasedat" time="0.478" errors="0" timestamp="2022-08-17T18:10:16 IST" skipped="0">
  <testcase classname="TestLayer.realtestcasedat" name="fetchAlldeta" time="0.478"/>
  <system-out/>
</testsuite> <!-- TestLayer.realtestcasedat -->
